-------------------------------------------------------------------------------
Test set: junit5tests.RadioButtonDemoTestsWithoutStatic
-------------------------------------------------------------------------------
Tests run: 2, Failures: 1, Errors: 0, Skipped: 0, Time elapsed: 8.137 s <<< FAILURE! - in junit5tests.RadioButtonDemoTestsWithoutStatic
junit5tests.RadioButtonDemoTestsWithoutStatic.testSelectedRadioButtonMessage  Time elapsed: 4.827 s  <<< FAILURE!
org.opentest4j.AssertionFailedError: 

 Actual & Expected Messages Do Not Match ==> expected: <Radio Button 'Female' Is Checked> but was: <Radio button 'Female' is checked>
	at org.junit.jupiter.api.AssertionFailureBuilder.build(AssertionFailureBuilder.java:151)
	at org.junit.jupiter.api.AssertionFailureBuilder.buildAndThrow(AssertionFailureBuilder.java:132)
	at org.junit.jupiter.api.AssertEquals.failNotEqual(AssertEquals.java:197)
	at org.junit.jupiter.api.AssertEquals.assertEquals(AssertEquals.java:182)
	at org.junit.jupiter.api.Assertions.assertEquals(Assertions.java:1152)
	at junit5tests.RadioButtonDemoTestsWithoutStatic.testSelectedRadioButtonMessage(RadioButtonDemoTestsWithoutStatic.java:37)
	at java.base/java.lang.reflect.Method.invoke(Method.java:566)
	at java.base/java.util.ArrayList.forEach(ArrayList.java:1541)
	at java.base/java.util.ArrayList.forEach(ArrayList.java:1541)

